ddf
2024-06-08 12:37:14 DEBUG TelegramBot:29 - 52
2024-06-08 12:44:05 DEBUG TelegramBot:30 - 54
2024-06-08 16:42:15 DEBUG TelegramBot:32 - fff
2024-06-08 16:42:15 ERROR TelegramBot:45 - org.telegram.telegrambots.meta.exceptions.TelegramApiRequestException: Unable to deserialize response
2024-06-25 23:21:54 DEBUG UpdateProducerImpl:13 - 5
2024-06-25 23:23:28 DEBUG UpdateProducerImpl:13 - 
2024-06-25 23:23:54 DEBUG UpdateProducerImpl:13 - 
2024-08-01 16:49:21 DEBUG UpdateProducerImpl:21 - прррр
2024-08-01 16:50:12 DEBUG UpdateProducerImpl:21 - 
2024-08-01 16:53:16 DEBUG UpdateProducerImpl:21 - gghgh
2024-08-01 16:54:07 DEBUG UpdateProducerImpl:21 - 
2024-08-03 22:52:51 DEBUG UpdateProducerImpl:21 - привет
2024-08-03 22:52:59 DEBUG UpdateProducerImpl:21 - привет\
2024-08-03 22:53:43 DEBUG UpdateProducerImpl:21 - аоаоаоаовлаовжл
2024-08-03 22:53:55 DEBUG UpdateProducerImpl:21 - 
2024-08-03 22:54:25 DEBUG UpdateProducerImpl:21 - 
2024-08-03 22:54:56 DEBUG UpdateProducerImpl:21 - 
2024-08-03 23:14:02 DEBUG UpdateProducerImpl:21 - ghb
2024-08-24 13:39:51 DEBUG UpdateProducerImpl:21 - /start
2024-08-24 13:40:10 DEBUG UpdateProducerImpl:21 - /start
2024-08-24 13:40:16 DEBUG UpdateProducerImpl:21 - \start
2024-08-24 13:40:26 DEBUG UpdateProducerImpl:21 - /cancel
2024-08-24 13:42:56 DEBUG UpdateProducerImpl:21 - /start
2024-08-24 13:44:50 DEBUG UpdateProducerImpl:21 - /start
2024-08-24 13:45:00 DEBUG UpdateProducerImpl:21 - /start
2024-08-24 13:45:03 DEBUG UpdateProducerImpl:21 - v
2024-08-24 13:45:49 DEBUG UpdateProducerImpl:21 - /start
2024-08-24 13:45:53 DEBUG UpdateProducerImpl:21 - v
2024-08-24 13:50:28 DEBUG UpdateProducerImpl:21 - /start
2024-08-24 13:50:36 DEBUG UpdateProducerImpl:21 - help
2024-08-24 13:50:43 DEBUG UpdateProducerImpl:21 - /help
2024-08-24 13:51:35 DEBUG UpdateProducerImpl:21 - 
2024-08-24 13:51:49 DEBUG UpdateProducerImpl:21 - 
2024-09-03 21:09:13 DEBUG UpdateProducerImpl:21 - 
2024-09-03 22:35:45 DEBUG UpdateProducerImpl:21 - 
2024-09-03 22:40:22 DEBUG UpdateProducerImpl:21 - h
2024-09-03 22:40:43 DEBUG UpdateProducerImpl:21 - 
2024-09-03 22:40:56 DEBUG UpdateProducerImpl:21 - 
2024-09-03 22:43:42 DEBUG UpdateProducerImpl:21 - 
2024-09-03 22:45:40 DEBUG UpdateProducerImpl:21 - /some
2024-09-03 22:53:17 DEBUG UpdateProducerImpl:21 - /help
2024-09-04 15:16:58 DEBUG UpdateProducerImpl:21 - /start
2024-09-04 15:17:40 DEBUG UpdateProducerImpl:21 - /cancel
2024-09-04 15:17:51 DEBUG UpdateProducerImpl:21 - /start
2024-09-04 15:18:38 DEBUG UpdateProducerImpl:21 - /help
2024-09-04 15:34:23 DEBUG UpdateProducerImpl:21 - /start
2024-09-04 15:57:11 DEBUG UpdateProducerImpl:21 - /start
